2021-10-31 21:23:11,335 INFO  [main] com.example.finalproject.FinalProjectApplication : Starting FinalProjectApplication using Java 11.0.11 on DESKTOP-AF116VG with PID 13000 (D:\Courses3RD\final-project-all\final-project\target\classes started by Андрей in D:\Courses3RD\final-project-all\final-project)
2021-10-31 21:23:11,335 DEBUG [main] com.example.finalproject.FinalProjectApplication : Running with Spring Boot v2.5.5, Spring v5.3.10
2021-10-31 21:23:11,335 INFO  [main] com.example.finalproject.FinalProjectApplication : No active profile set, falling back to default profiles: default
2021-10-31 21:23:12,007 INFO  [main] org.springframework.data.repository.config.RepositoryConfigurationDelegate : Bootstrapping Spring Data JPA repositories in DEFAULT mode.
2021-10-31 21:23:12,070 INFO  [main] org.springframework.data.repository.config.RepositoryConfigurationDelegate : Finished Spring Data repository scanning in 63 ms. Found 2 JPA repository interfaces.
2021-10-31 21:23:12,726 INFO  [main] org.springframework.boot.web.embedded.tomcat.TomcatWebServer : Tomcat initialized with port(s): 8080 (http)
2021-10-31 21:23:12,741 INFO  [main] org.apache.catalina.core.StandardService : Starting service [Tomcat]
2021-10-31 21:23:12,741 INFO  [main] org.apache.catalina.core.StandardEngine : Starting Servlet engine: [Apache Tomcat/9.0.53]
2021-10-31 21:23:12,866 INFO  [main] org.apache.catalina.core.ContainerBase.[Tomcat].[localhost].[/my-application] : Initializing Spring embedded WebApplicationContext
2021-10-31 21:23:12,866 INFO  [main] org.springframework.boot.web.servlet.context.ServletWebServerApplicationContext : Root WebApplicationContext: initialization completed in 1437 ms
2021-10-31 21:23:13,288 INFO  [main] com.zaxxer.hikari.HikariDataSource : HikariPool-1 - Starting...
2021-10-31 21:23:13,445 INFO  [main] com.zaxxer.hikari.HikariDataSource : HikariPool-1 - Start completed.
2021-10-31 21:23:14,413 INFO  [main] org.springframework.orm.jpa.LocalContainerEntityManagerFactoryBean : Initialized JPA EntityManagerFactory for persistence unit 'default'
2021-10-31 21:23:14,507 WARN  [main] org.springframework.boot.autoconfigure.orm.jpa.JpaBaseConfiguration$JpaWebConfiguration : spring.jpa.open-in-view is enabled by default. Therefore, database queries may be performed during view rendering. Explicitly configure spring.jpa.open-in-view to disable this warning
2021-10-31 21:23:15,038 INFO  [main] org.springframework.security.web.DefaultSecurityFilterChain : Will secure any request with [org.springframework.security.web.context.request.async.WebAsyncManagerIntegrationFilter@261609a7, org.springframework.security.web.context.SecurityContextPersistenceFilter@38ad86b1, org.springframework.security.web.header.HeaderWriterFilter@4d84688f, org.springframework.security.web.authentication.logout.LogoutFilter@7c37ac3c, org.springframework.security.web.authentication.www.BasicAuthenticationFilter@41c88e00, org.springframework.security.web.savedrequest.RequestCacheAwareFilter@375ff309, org.springframework.security.web.servletapi.SecurityContextHolderAwareRequestFilter@54087bdb, org.springframework.security.web.authentication.AnonymousAuthenticationFilter@39296cef, org.springframework.security.web.session.SessionManagementFilter@333efb51, org.springframework.security.web.access.ExceptionTranslationFilter@4023d23f, org.springframework.security.web.access.intercept.FilterSecurityInterceptor@76673ed]
2021-10-31 21:23:15,179 DEBUG [main] org.springframework.web.servlet.mvc.method.annotation.RequestMappingHandlerAdapter : ControllerAdvice beans: 0 @ModelAttribute, 0 @InitBinder, 1 RequestBodyAdvice, 1 ResponseBodyAdvice
2021-10-31 21:23:15,226 DEBUG [main] org.springframework.web.servlet.mvc.method.annotation.RequestMappingHandlerMapping : 5 mappings in 'requestMappingHandlerMapping'
2021-10-31 21:23:15,257 DEBUG [main] org.springframework.web.servlet.handler.SimpleUrlHandlerMapping : Patterns [/webjars/**, /**] in 'resourceHandlerMapping'
2021-10-31 21:23:15,273 DEBUG [main] org.springframework.web.servlet.mvc.method.annotation.ExceptionHandlerExceptionResolver : ControllerAdvice beans: 0 @ExceptionHandler, 1 ResponseBodyAdvice
2021-10-31 21:23:15,382 INFO  [main] org.springframework.boot.web.embedded.tomcat.TomcatWebServer : Tomcat started on port(s): 8080 (http) with context path '/my-application'
2021-10-31 21:23:15,398 INFO  [main] com.example.finalproject.FinalProjectApplication : Started FinalProjectApplication in 4.756 seconds (JVM running for 8.194)
2021-10-31 21:23:56,796 INFO  [http-nio-8080-exec-1] org.apache.catalina.core.ContainerBase.[Tomcat].[localhost].[/my-application] : Initializing Spring DispatcherServlet 'dispatcherServlet'
2021-10-31 21:23:56,796 INFO  [http-nio-8080-exec-1] org.springframework.web.servlet.DispatcherServlet : Initializing Servlet 'dispatcherServlet'
2021-10-31 21:23:56,796 DEBUG [http-nio-8080-exec-1] org.springframework.web.servlet.DispatcherServlet : Detected StandardServletMultipartResolver
2021-10-31 21:23:56,796 DEBUG [http-nio-8080-exec-1] org.springframework.web.servlet.DispatcherServlet : Detected AcceptHeaderLocaleResolver
2021-10-31 21:23:56,796 DEBUG [http-nio-8080-exec-1] org.springframework.web.servlet.DispatcherServlet : Detected FixedThemeResolver
2021-10-31 21:23:56,796 DEBUG [http-nio-8080-exec-1] org.springframework.web.servlet.DispatcherServlet : Detected org.springframework.web.servlet.view.DefaultRequestToViewNameTranslator@322eb1a
2021-10-31 21:23:56,796 DEBUG [http-nio-8080-exec-1] org.springframework.web.servlet.DispatcherServlet : Detected org.springframework.web.servlet.support.SessionFlashMapManager@f8fe81e
2021-10-31 21:23:56,796 DEBUG [http-nio-8080-exec-1] org.springframework.web.servlet.DispatcherServlet : enableLoggingRequestDetails='false': request parameters and headers will be masked to prevent unsafe logging of potentially sensitive data
2021-10-31 21:23:56,796 INFO  [http-nio-8080-exec-1] org.springframework.web.servlet.DispatcherServlet : Completed initialization in 0 ms
2021-10-31 21:24:59,471 DEBUG [http-nio-8080-exec-6] org.springframework.web.servlet.DispatcherServlet : POST "/my-application/register", parameters={}
2021-10-31 21:24:59,479 DEBUG [http-nio-8080-exec-6] org.springframework.web.servlet.mvc.method.annotation.RequestMappingHandlerMapping : Mapped to com.example.finalproject.controller.RegisterController#addUser(UserDto)
2021-10-31 21:24:59,575 DEBUG [http-nio-8080-exec-6] org.springframework.web.servlet.mvc.method.annotation.RequestResponseBodyMethodProcessor : Read "application/json;charset=UTF-8" to [com.example.finalproject.dto.UserDto@77bd7d4f]
2021-10-31 21:24:59,599 DEBUG [http-nio-8080-exec-6] com.example.finalproject.controller.RegisterController : Adding new user[com.example.finalproject.dto.UserDto@77bd7d4f]
2021-10-31 21:25:00,050 DEBUG [http-nio-8080-exec-6] org.springframework.web.servlet.mvc.method.annotation.RequestResponseBodyMethodProcessor : Using 'application/json', given [application/json, text/plain, */*] and supported [application/json, application/*+json, application/json, application/*+json]
2021-10-31 21:25:00,050 DEBUG [http-nio-8080-exec-6] org.springframework.web.servlet.mvc.method.annotation.RequestResponseBodyMethodProcessor : Writing [{callback=true}]
2021-10-31 21:25:00,065 DEBUG [http-nio-8080-exec-6] org.springframework.web.servlet.DispatcherServlet : Completed 200 OK
2021-10-31 21:25:57,231 INFO  [main] com.example.finalproject.FinalProjectApplication : Starting FinalProjectApplication using Java 11.0.11 on DESKTOP-AF116VG with PID 1324 (D:\Courses3RD\final-project-all\final-project\target\classes started by Андрей in D:\Courses3RD\final-project-all\final-project)
2021-10-31 21:25:57,231 DEBUG [main] com.example.finalproject.FinalProjectApplication : Running with Spring Boot v2.5.5, Spring v5.3.10
2021-10-31 21:25:57,231 INFO  [main] com.example.finalproject.FinalProjectApplication : No active profile set, falling back to default profiles: default
2021-10-31 21:25:57,919 INFO  [main] org.springframework.data.repository.config.RepositoryConfigurationDelegate : Bootstrapping Spring Data JPA repositories in DEFAULT mode.
2021-10-31 21:25:58,007 INFO  [main] org.springframework.data.repository.config.RepositoryConfigurationDelegate : Finished Spring Data repository scanning in 71 ms. Found 2 JPA repository interfaces.
2021-10-31 21:25:58,773 INFO  [main] org.springframework.boot.web.embedded.tomcat.TomcatWebServer : Tomcat initialized with port(s): 8080 (http)
2021-10-31 21:25:58,788 INFO  [main] org.apache.catalina.core.StandardService : Starting service [Tomcat]
2021-10-31 21:25:58,788 INFO  [main] org.apache.catalina.core.StandardEngine : Starting Servlet engine: [Apache Tomcat/9.0.53]
2021-10-31 21:25:58,929 INFO  [main] org.apache.catalina.core.ContainerBase.[Tomcat].[localhost].[/my-application] : Initializing Spring embedded WebApplicationContext
2021-10-31 21:25:58,929 INFO  [main] org.springframework.boot.web.servlet.context.ServletWebServerApplicationContext : Root WebApplicationContext: initialization completed in 1620 ms
2021-10-31 21:25:59,413 INFO  [main] com.zaxxer.hikari.HikariDataSource : HikariPool-1 - Starting...
2021-10-31 21:25:59,523 INFO  [main] com.zaxxer.hikari.HikariDataSource : HikariPool-1 - Start completed.
2021-10-31 21:26:00,601 INFO  [main] org.springframework.orm.jpa.LocalContainerEntityManagerFactoryBean : Initialized JPA EntityManagerFactory for persistence unit 'default'
2021-10-31 21:26:00,741 WARN  [main] org.springframework.boot.autoconfigure.orm.jpa.JpaBaseConfiguration$JpaWebConfiguration : spring.jpa.open-in-view is enabled by default. Therefore, database queries may be performed during view rendering. Explicitly configure spring.jpa.open-in-view to disable this warning
2021-10-31 21:26:01,478 INFO  [main] org.springframework.security.web.DefaultSecurityFilterChain : Will secure any request with [org.springframework.security.web.context.request.async.WebAsyncManagerIntegrationFilter@1f95158a, org.springframework.security.web.context.SecurityContextPersistenceFilter@2ee1b017, org.springframework.security.web.header.HeaderWriterFilter@ea0c99c, org.springframework.security.web.authentication.logout.LogoutFilter@3462e99a, org.springframework.security.web.authentication.www.BasicAuthenticationFilter@5a24390b, org.springframework.security.web.savedrequest.RequestCacheAwareFilter@66d69cd2, org.springframework.security.web.servletapi.SecurityContextHolderAwareRequestFilter@42d7e8bc, org.springframework.security.web.authentication.AnonymousAuthenticationFilter@31fc658f, org.springframework.security.web.session.SessionManagementFilter@698e1bf5, org.springframework.security.web.access.ExceptionTranslationFilter@70a54731, org.springframework.security.web.access.intercept.FilterSecurityInterceptor@6219006a]
2021-10-31 21:26:01,710 DEBUG [main] org.springframework.web.servlet.mvc.method.annotation.RequestMappingHandlerAdapter : ControllerAdvice beans: 0 @ModelAttribute, 0 @InitBinder, 1 RequestBodyAdvice, 1 ResponseBodyAdvice
2021-10-31 21:26:01,835 DEBUG [main] org.springframework.web.servlet.mvc.method.annotation.RequestMappingHandlerMapping : 5 mappings in 'requestMappingHandlerMapping'
2021-10-31 21:26:01,898 DEBUG [main] org.springframework.web.servlet.handler.SimpleUrlHandlerMapping : Patterns [/webjars/**, /**] in 'resourceHandlerMapping'
2021-10-31 21:26:01,929 DEBUG [main] org.springframework.web.servlet.mvc.method.annotation.ExceptionHandlerExceptionResolver : ControllerAdvice beans: 0 @ExceptionHandler, 1 ResponseBodyAdvice
2021-10-31 21:26:02,082 INFO  [main] org.springframework.boot.web.embedded.tomcat.TomcatWebServer : Tomcat started on port(s): 8080 (http) with context path '/my-application'
2021-10-31 21:26:02,108 INFO  [main] com.example.finalproject.FinalProjectApplication : Started FinalProjectApplication in 5.58 seconds (JVM running for 8.621)
2021-10-31 21:26:23,031 INFO  [http-nio-8080-exec-1] org.apache.catalina.core.ContainerBase.[Tomcat].[localhost].[/my-application] : Initializing Spring DispatcherServlet 'dispatcherServlet'
2021-10-31 21:26:23,031 INFO  [http-nio-8080-exec-1] org.springframework.web.servlet.DispatcherServlet : Initializing Servlet 'dispatcherServlet'
2021-10-31 21:26:23,031 DEBUG [http-nio-8080-exec-1] org.springframework.web.servlet.DispatcherServlet : Detected StandardServletMultipartResolver
2021-10-31 21:26:23,031 DEBUG [http-nio-8080-exec-1] org.springframework.web.servlet.DispatcherServlet : Detected AcceptHeaderLocaleResolver
2021-10-31 21:26:23,031 DEBUG [http-nio-8080-exec-1] org.springframework.web.servlet.DispatcherServlet : Detected FixedThemeResolver
2021-10-31 21:26:23,039 DEBUG [http-nio-8080-exec-1] org.springframework.web.servlet.DispatcherServlet : Detected org.springframework.web.servlet.view.DefaultRequestToViewNameTranslator@79ae3fb1
2021-10-31 21:26:23,039 DEBUG [http-nio-8080-exec-1] org.springframework.web.servlet.DispatcherServlet : Detected org.springframework.web.servlet.support.SessionFlashMapManager@1b30b6f8
2021-10-31 21:26:23,039 DEBUG [http-nio-8080-exec-1] org.springframework.web.servlet.DispatcherServlet : enableLoggingRequestDetails='false': request parameters and headers will be masked to prevent unsafe logging of potentially sensitive data
2021-10-31 21:26:23,039 INFO  [http-nio-8080-exec-1] org.springframework.web.servlet.DispatcherServlet : Completed initialization in 8 ms
2021-10-31 21:26:23,087 DEBUG [http-nio-8080-exec-1] org.springframework.web.servlet.DispatcherServlet : POST "/my-application/register", parameters={}
2021-10-31 21:26:23,103 DEBUG [http-nio-8080-exec-1] org.springframework.web.servlet.mvc.method.annotation.RequestMappingHandlerMapping : Mapped to com.example.finalproject.controller.RegisterController#addUser(UserDto)
2021-10-31 21:26:23,316 DEBUG [http-nio-8080-exec-1] org.springframework.web.servlet.mvc.method.annotation.RequestResponseBodyMethodProcessor : Read "application/json;charset=UTF-8" to [com.example.finalproject.dto.UserDto@3af232ed]
2021-10-31 21:26:23,347 DEBUG [http-nio-8080-exec-1] com.example.finalproject.controller.RegisterController : Adding new user[com.example.finalproject.dto.UserDto@3af232ed]
2021-10-31 21:26:42,798 DEBUG [http-nio-8080-exec-1] org.springframework.web.servlet.mvc.method.annotation.RequestResponseBodyMethodProcessor : Using 'application/json', given [application/json, text/plain, */*] and supported [application/json, application/*+json, application/json, application/*+json]
2021-10-31 21:26:47,537 DEBUG [http-nio-8080-exec-1] org.springframework.web.servlet.mvc.method.annotation.RequestResponseBodyMethodProcessor : Writing [{callback=true}]
2021-10-31 21:30:41,092 WARN  [HikariPool-1 housekeeper] com.zaxxer.hikari.pool.HikariPool : HikariPool-1 - Thread starvation or clock leap detected (housekeeper delta=3m58s312ms698µs600ns).
2021-10-31 21:30:41,128 DEBUG [http-nio-8080-exec-1] org.springframework.web.servlet.DispatcherServlet : Completed 200 OK
2021-10-31 21:30:41,344 INFO  [SpringApplicationShutdownHook] org.springframework.orm.jpa.LocalContainerEntityManagerFactoryBean : Closing JPA EntityManagerFactory for persistence unit 'default'
2021-10-31 21:30:41,360 INFO  [SpringApplicationShutdownHook] com.zaxxer.hikari.HikariDataSource : HikariPool-1 - Shutdown initiated...
2021-10-31 21:30:41,368 INFO  [SpringApplicationShutdownHook] com.zaxxer.hikari.HikariDataSource : HikariPool-1 - Shutdown completed.
2021-10-31 21:30:47,220 INFO  [main] com.example.finalproject.FinalProjectApplication : Starting FinalProjectApplication using Java 11.0.11 on DESKTOP-AF116VG with PID 4988 (D:\Courses3RD\final-project-all\final-project\target\classes started by Андрей in D:\Courses3RD\final-project-all\final-project)
2021-10-31 21:30:47,220 DEBUG [main] com.example.finalproject.FinalProjectApplication : Running with Spring Boot v2.5.5, Spring v5.3.10
2021-10-31 21:30:47,220 INFO  [main] com.example.finalproject.FinalProjectApplication : No active profile set, falling back to default profiles: default
2021-10-31 21:30:47,927 INFO  [main] org.springframework.data.repository.config.RepositoryConfigurationDelegate : Bootstrapping Spring Data JPA repositories in DEFAULT mode.
2021-10-31 21:30:48,012 INFO  [main] org.springframework.data.repository.config.RepositoryConfigurationDelegate : Finished Spring Data repository scanning in 68 ms. Found 2 JPA repository interfaces.
2021-10-31 21:30:48,877 INFO  [main] org.springframework.boot.web.embedded.tomcat.TomcatWebServer : Tomcat initialized with port(s): 8080 (http)
2021-10-31 21:30:48,893 INFO  [main] org.apache.catalina.core.StandardService : Starting service [Tomcat]
2021-10-31 21:30:48,893 INFO  [main] org.apache.catalina.core.StandardEngine : Starting Servlet engine: [Apache Tomcat/9.0.53]
2021-10-31 21:30:49,064 INFO  [main] org.apache.catalina.core.ContainerBase.[Tomcat].[localhost].[/my-application] : Initializing Spring embedded WebApplicationContext
2021-10-31 21:30:49,064 INFO  [main] org.springframework.boot.web.servlet.context.ServletWebServerApplicationContext : Root WebApplicationContext: initialization completed in 1768 ms
2021-10-31 21:30:49,549 INFO  [main] com.zaxxer.hikari.HikariDataSource : HikariPool-1 - Starting...
2021-10-31 21:30:49,690 INFO  [main] com.zaxxer.hikari.HikariDataSource : HikariPool-1 - Start completed.
2021-10-31 21:30:50,678 INFO  [main] org.springframework.orm.jpa.LocalContainerEntityManagerFactoryBean : Initialized JPA EntityManagerFactory for persistence unit 'default'
2021-10-31 21:30:50,803 WARN  [main] org.springframework.boot.autoconfigure.orm.jpa.JpaBaseConfiguration$JpaWebConfiguration : spring.jpa.open-in-view is enabled by default. Therefore, database queries may be performed during view rendering. Explicitly configure spring.jpa.open-in-view to disable this warning
2021-10-31 21:30:51,380 INFO  [main] org.springframework.security.web.DefaultSecurityFilterChain : Will secure any request with [org.springframework.security.web.context.request.async.WebAsyncManagerIntegrationFilter@c247363, org.springframework.security.web.context.SecurityContextPersistenceFilter@11a7840f, org.springframework.security.web.header.HeaderWriterFilter@53da2aec, org.springframework.security.web.authentication.logout.LogoutFilter@67d8613, org.springframework.security.web.authentication.www.BasicAuthenticationFilter@60d32006, org.springframework.security.web.savedrequest.RequestCacheAwareFilter@4f5c757c, org.springframework.security.web.servletapi.SecurityContextHolderAwareRequestFilter@61607ff0, org.springframework.security.web.authentication.AnonymousAuthenticationFilter@c6d7256, org.springframework.security.web.session.SessionManagementFilter@66d69cd2, org.springframework.security.web.access.ExceptionTranslationFilter@ea0c99c, org.springframework.security.web.access.intercept.FilterSecurityInterceptor@4cbb11e4]
2021-10-31 21:30:51,552 DEBUG [main] org.springframework.web.servlet.mvc.method.annotation.RequestMappingHandlerAdapter : ControllerAdvice beans: 0 @ModelAttribute, 0 @InitBinder, 1 RequestBodyAdvice, 1 ResponseBodyAdvice
2021-10-31 21:30:51,614 DEBUG [main] org.springframework.web.servlet.mvc.method.annotation.RequestMappingHandlerMapping : 5 mappings in 'requestMappingHandlerMapping'
2021-10-31 21:30:51,661 DEBUG [main] org.springframework.web.servlet.handler.SimpleUrlHandlerMapping : Patterns [/webjars/**, /**] in 'resourceHandlerMapping'
2021-10-31 21:30:51,681 DEBUG [main] org.springframework.web.servlet.mvc.method.annotation.ExceptionHandlerExceptionResolver : ControllerAdvice beans: 0 @ExceptionHandler, 1 ResponseBodyAdvice
2021-10-31 21:30:51,840 INFO  [main] org.springframework.boot.web.embedded.tomcat.TomcatWebServer : Tomcat started on port(s): 8080 (http) with context path '/my-application'
2021-10-31 21:30:51,872 INFO  [main] com.example.finalproject.FinalProjectApplication : Started FinalProjectApplication in 5.438 seconds (JVM running for 7.159)
2021-10-31 21:31:21,424 INFO  [http-nio-8080-exec-1] org.apache.catalina.core.ContainerBase.[Tomcat].[localhost].[/my-application] : Initializing Spring DispatcherServlet 'dispatcherServlet'
2021-10-31 21:31:21,424 INFO  [http-nio-8080-exec-1] org.springframework.web.servlet.DispatcherServlet : Initializing Servlet 'dispatcherServlet'
2021-10-31 21:31:21,424 DEBUG [http-nio-8080-exec-1] org.springframework.web.servlet.DispatcherServlet : Detected StandardServletMultipartResolver
2021-10-31 21:31:21,424 DEBUG [http-nio-8080-exec-1] org.springframework.web.servlet.DispatcherServlet : Detected AcceptHeaderLocaleResolver
2021-10-31 21:31:21,424 DEBUG [http-nio-8080-exec-1] org.springframework.web.servlet.DispatcherServlet : Detected FixedThemeResolver
2021-10-31 21:31:21,424 DEBUG [http-nio-8080-exec-1] org.springframework.web.servlet.DispatcherServlet : Detected org.springframework.web.servlet.view.DefaultRequestToViewNameTranslator@29ae2517
2021-10-31 21:31:21,432 DEBUG [http-nio-8080-exec-1] org.springframework.web.servlet.DispatcherServlet : Detected org.springframework.web.servlet.support.SessionFlashMapManager@a0bdbe2
2021-10-31 21:31:21,432 DEBUG [http-nio-8080-exec-1] org.springframework.web.servlet.DispatcherServlet : enableLoggingRequestDetails='false': request parameters and headers will be masked to prevent unsafe logging of potentially sensitive data
2021-10-31 21:31:21,432 INFO  [http-nio-8080-exec-1] org.springframework.web.servlet.DispatcherServlet : Completed initialization in 8 ms
2021-10-31 21:31:21,472 DEBUG [http-nio-8080-exec-1] org.springframework.web.servlet.DispatcherServlet : POST "/my-application/register", parameters={}
2021-10-31 21:31:21,472 DEBUG [http-nio-8080-exec-1] org.springframework.web.servlet.mvc.method.annotation.RequestMappingHandlerMapping : Mapped to com.example.finalproject.controller.RegisterController#addUser(UserDto)
2021-10-31 21:31:21,576 DEBUG [http-nio-8080-exec-1] org.springframework.web.servlet.mvc.method.annotation.RequestResponseBodyMethodProcessor : Read "application/json;charset=UTF-8" to [com.example.finalproject.dto.UserDto@18fb7c05]
2021-10-31 21:31:21,600 DEBUG [http-nio-8080-exec-1] com.example.finalproject.controller.RegisterController : Adding new user[com.example.finalproject.dto.UserDto@18fb7c05]
2021-10-31 21:31:43,221 DEBUG [http-nio-8080-exec-1] org.springframework.web.servlet.mvc.method.annotation.RequestResponseBodyMethodProcessor : Using 'application/json', given [application/json, text/plain, */*] and supported [application/json, application/*+json, application/json, application/*+json]
2021-10-31 21:31:43,221 DEBUG [http-nio-8080-exec-1] org.springframework.web.servlet.mvc.method.annotation.RequestResponseBodyMethodProcessor : Writing [{callback=true}]
2021-10-31 21:31:44,234 DEBUG [http-nio-8080-exec-1] org.springframework.web.servlet.DispatcherServlet : Completed 200 OK
2021-10-31 21:42:08,972 INFO  [SpringApplicationShutdownHook] org.springframework.orm.jpa.LocalContainerEntityManagerFactoryBean : Closing JPA EntityManagerFactory for persistence unit 'default'
2021-10-31 21:42:08,988 INFO  [SpringApplicationShutdownHook] com.zaxxer.hikari.HikariDataSource : HikariPool-1 - Shutdown initiated...
2021-10-31 21:42:08,999 INFO  [SpringApplicationShutdownHook] com.zaxxer.hikari.HikariDataSource : HikariPool-1 - Shutdown completed.
2021-10-31 21:42:14,990 INFO  [main] com.example.finalproject.FinalProjectApplication : Starting FinalProjectApplication using Java 11.0.11 on DESKTOP-AF116VG with PID 10756 (D:\Courses3RD\final-project-all\final-project\target\classes started by Андрей in D:\Courses3RD\final-project-all\final-project)
2021-10-31 21:42:14,990 DEBUG [main] com.example.finalproject.FinalProjectApplication : Running with Spring Boot v2.5.5, Spring v5.3.10
2021-10-31 21:42:14,990 INFO  [main] com.example.finalproject.FinalProjectApplication : No active profile set, falling back to default profiles: default
2021-10-31 21:42:15,749 INFO  [main] org.springframework.data.repository.config.RepositoryConfigurationDelegate : Bootstrapping Spring Data JPA repositories in DEFAULT mode.
2021-10-31 21:42:15,925 INFO  [main] org.springframework.data.repository.config.RepositoryConfigurationDelegate : Finished Spring Data repository scanning in 150 ms. Found 2 JPA repository interfaces.
2021-10-31 21:42:16,787 INFO  [main] org.springframework.boot.web.embedded.tomcat.TomcatWebServer : Tomcat initialized with port(s): 8080 (http)
2021-10-31 21:42:16,787 INFO  [main] org.apache.catalina.core.StandardService : Starting service [Tomcat]
2021-10-31 21:42:16,787 INFO  [main] org.apache.catalina.core.StandardEngine : Starting Servlet engine: [Apache Tomcat/9.0.53]
2021-10-31 21:42:16,943 INFO  [main] org.apache.catalina.core.ContainerBase.[Tomcat].[localhost].[/my-application] : Initializing Spring embedded WebApplicationContext
2021-10-31 21:42:16,943 INFO  [main] org.springframework.boot.web.servlet.context.ServletWebServerApplicationContext : Root WebApplicationContext: initialization completed in 1875 ms
2021-10-31 21:42:17,440 INFO  [main] com.zaxxer.hikari.HikariDataSource : HikariPool-1 - Starting...
2021-10-31 21:42:17,597 INFO  [main] com.zaxxer.hikari.HikariDataSource : HikariPool-1 - Start completed.
2021-10-31 21:42:18,714 INFO  [main] org.springframework.orm.jpa.LocalContainerEntityManagerFactoryBean : Initialized JPA EntityManagerFactory for persistence unit 'default'
2021-10-31 21:42:18,886 WARN  [main] org.springframework.boot.autoconfigure.orm.jpa.JpaBaseConfiguration$JpaWebConfiguration : spring.jpa.open-in-view is enabled by default. Therefore, database queries may be performed during view rendering. Explicitly configure spring.jpa.open-in-view to disable this warning
2021-10-31 21:42:19,431 INFO  [main] org.springframework.security.web.DefaultSecurityFilterChain : Will secure any request with [org.springframework.security.web.context.request.async.WebAsyncManagerIntegrationFilter@5c16561a, org.springframework.security.web.context.SecurityContextPersistenceFilter@53d15034, org.springframework.security.web.header.HeaderWriterFilter@375ff309, org.springframework.security.web.authentication.logout.LogoutFilter@54e680fe, org.springframework.security.web.authentication.www.BasicAuthenticationFilter@4b7a4c83, org.springframework.security.web.savedrequest.RequestCacheAwareFilter@4fe9a396, org.springframework.security.web.servletapi.SecurityContextHolderAwareRequestFilter@25ee3caa, org.springframework.security.web.authentication.AnonymousAuthenticationFilter@5819ee0f, org.springframework.security.web.session.SessionManagementFilter@59b3f162, org.springframework.security.web.access.ExceptionTranslationFilter@333efb51, org.springframework.security.web.access.intercept.FilterSecurityInterceptor@62f305bc]
2021-10-31 21:42:19,571 DEBUG [main] org.springframework.web.servlet.mvc.method.annotation.RequestMappingHandlerAdapter : ControllerAdvice beans: 0 @ModelAttribute, 0 @InitBinder, 1 RequestBodyAdvice, 1 ResponseBodyAdvice
2021-10-31 21:42:19,618 DEBUG [main] org.springframework.web.servlet.mvc.method.annotation.RequestMappingHandlerMapping : 5 mappings in 'requestMappingHandlerMapping'
2021-10-31 21:42:19,681 DEBUG [main] org.springframework.web.servlet.handler.SimpleUrlHandlerMapping : Patterns [/webjars/**, /**] in 'resourceHandlerMapping'
2021-10-31 21:42:19,681 DEBUG [main] org.springframework.web.servlet.mvc.method.annotation.ExceptionHandlerExceptionResolver : ControllerAdvice beans: 0 @ExceptionHandler, 1 ResponseBodyAdvice
2021-10-31 21:42:19,799 INFO  [main] org.springframework.boot.web.embedded.tomcat.TomcatWebServer : Tomcat started on port(s): 8080 (http) with context path '/my-application'
2021-10-31 21:42:19,815 INFO  [main] com.example.finalproject.FinalProjectApplication : Started FinalProjectApplication in 5.564 seconds (JVM running for 7.079)
2021-10-31 21:42:19,996 INFO  [http-nio-8080-exec-1] org.apache.catalina.core.ContainerBase.[Tomcat].[localhost].[/my-application] : Initializing Spring DispatcherServlet 'dispatcherServlet'
2021-10-31 21:42:19,996 INFO  [http-nio-8080-exec-1] org.springframework.web.servlet.DispatcherServlet : Initializing Servlet 'dispatcherServlet'
2021-10-31 21:42:19,996 DEBUG [http-nio-8080-exec-1] org.springframework.web.servlet.DispatcherServlet : Detected StandardServletMultipartResolver
2021-10-31 21:42:19,996 DEBUG [http-nio-8080-exec-1] org.springframework.web.servlet.DispatcherServlet : Detected AcceptHeaderLocaleResolver
2021-10-31 21:42:19,996 DEBUG [http-nio-8080-exec-1] org.springframework.web.servlet.DispatcherServlet : Detected FixedThemeResolver
2021-10-31 21:42:19,996 DEBUG [http-nio-8080-exec-1] org.springframework.web.servlet.DispatcherServlet : Detected org.springframework.web.servlet.view.DefaultRequestToViewNameTranslator@68fc636a
2021-10-31 21:42:19,996 DEBUG [http-nio-8080-exec-1] org.springframework.web.servlet.DispatcherServlet : Detected org.springframework.web.servlet.support.SessionFlashMapManager@7fb9a83c
2021-10-31 21:42:19,996 DEBUG [http-nio-8080-exec-1] org.springframework.web.servlet.DispatcherServlet : enableLoggingRequestDetails='false': request parameters and headers will be masked to prevent unsafe logging of potentially sensitive data
2021-10-31 21:42:19,996 INFO  [http-nio-8080-exec-1] org.springframework.web.servlet.DispatcherServlet : Completed initialization in 0 ms
2021-10-31 21:42:57,113 DEBUG [http-nio-8080-exec-6] org.springframework.web.servlet.DispatcherServlet : POST "/my-application/register", parameters={}
2021-10-31 21:42:57,121 DEBUG [http-nio-8080-exec-6] org.springframework.web.servlet.mvc.method.annotation.RequestMappingHandlerMapping : Mapped to com.example.finalproject.controller.RegisterController#addUser(UserDto)
2021-10-31 21:42:57,249 DEBUG [http-nio-8080-exec-6] org.springframework.web.servlet.mvc.method.annotation.RequestResponseBodyMethodProcessor : Read "application/json;charset=UTF-8" to [com.example.finalproject.dto.UserDto@345e6eb6]
2021-10-31 21:42:57,305 DEBUG [http-nio-8080-exec-6] com.example.finalproject.controller.RegisterController : Adding new user[com.example.finalproject.dto.UserDto@345e6eb6]
2021-10-31 21:42:57,685 DEBUG [http-nio-8080-exec-6] org.springframework.web.servlet.mvc.method.annotation.RequestResponseBodyMethodProcessor : Using 'application/json', given [application/json, text/plain, */*] and supported [application/json, application/*+json, application/json, application/*+json]
2021-10-31 21:42:57,685 DEBUG [http-nio-8080-exec-6] org.springframework.web.servlet.mvc.method.annotation.RequestResponseBodyMethodProcessor : Writing [{callback=true}]
2021-10-31 21:42:57,700 DEBUG [http-nio-8080-exec-6] org.springframework.web.servlet.DispatcherServlet : Completed 200 OK
2021-10-31 21:43:40,869 DEBUG [http-nio-8080-exec-8] org.springframework.web.servlet.DispatcherServlet : POST "/my-application/register", parameters={}
2021-10-31 21:43:40,869 DEBUG [http-nio-8080-exec-8] org.springframework.web.servlet.mvc.method.annotation.RequestMappingHandlerMapping : Mapped to com.example.finalproject.controller.RegisterController#addUser(UserDto)
2021-10-31 21:43:40,877 DEBUG [http-nio-8080-exec-8] org.springframework.web.servlet.mvc.method.annotation.RequestResponseBodyMethodProcessor : Read "application/json;charset=UTF-8" to [com.example.finalproject.dto.UserDto@13cc170a]
2021-10-31 21:43:40,877 DEBUG [http-nio-8080-exec-8] com.example.finalproject.controller.RegisterController : Adding new user[com.example.finalproject.dto.UserDto@13cc170a]
2021-10-31 21:43:41,216 DEBUG [http-nio-8080-exec-8] org.springframework.web.servlet.mvc.method.annotation.RequestResponseBodyMethodProcessor : Using 'application/json', given [application/json, text/plain, */*] and supported [application/json, application/*+json, application/json, application/*+json]
2021-10-31 21:43:41,216 DEBUG [http-nio-8080-exec-8] org.springframework.web.servlet.mvc.method.annotation.RequestResponseBodyMethodProcessor : Writing [{callback=true}]
2021-10-31 21:43:41,216 DEBUG [http-nio-8080-exec-8] org.springframework.web.servlet.DispatcherServlet : Completed 200 OK
2021-10-31 21:44:28,756 INFO  [main] com.example.finalproject.FinalProjectApplication : Starting FinalProjectApplication using Java 11.0.11 on DESKTOP-AF116VG with PID 3288 (D:\Courses3RD\final-project-all\final-project\target\classes started by Андрей in D:\Courses3RD\final-project-all\final-project)
2021-10-31 21:44:28,756 DEBUG [main] com.example.finalproject.FinalProjectApplication : Running with Spring Boot v2.5.5, Spring v5.3.10
2021-10-31 21:44:28,756 INFO  [main] com.example.finalproject.FinalProjectApplication : No active profile set, falling back to default profiles: default
2021-10-31 21:44:29,567 INFO  [main] org.springframework.data.repository.config.RepositoryConfigurationDelegate : Bootstrapping Spring Data JPA repositories in DEFAULT mode.
2021-10-31 21:44:29,672 INFO  [main] org.springframework.data.repository.config.RepositoryConfigurationDelegate : Finished Spring Data repository scanning in 83 ms. Found 2 JPA repository interfaces.
2021-10-31 21:44:30,511 INFO  [main] org.springframework.boot.web.embedded.tomcat.TomcatWebServer : Tomcat initialized with port(s): 8080 (http)
2021-10-31 21:44:30,511 INFO  [main] org.apache.catalina.core.StandardService : Starting service [Tomcat]
2021-10-31 21:44:30,511 INFO  [main] org.apache.catalina.core.StandardEngine : Starting Servlet engine: [Apache Tomcat/9.0.53]
2021-10-31 21:44:30,708 INFO  [main] org.apache.catalina.core.ContainerBase.[Tomcat].[localhost].[/my-application] : Initializing Spring embedded WebApplicationContext
2021-10-31 21:44:30,708 INFO  [main] org.springframework.boot.web.servlet.context.ServletWebServerApplicationContext : Root WebApplicationContext: initialization completed in 1873 ms
2021-10-31 21:44:31,255 INFO  [main] com.zaxxer.hikari.HikariDataSource : HikariPool-1 - Starting...
2021-10-31 21:44:31,458 INFO  [main] com.zaxxer.hikari.HikariDataSource : HikariPool-1 - Start completed.
2021-10-31 21:44:32,643 INFO  [main] org.springframework.orm.jpa.LocalContainerEntityManagerFactoryBean : Initialized JPA EntityManagerFactory for persistence unit 'default'
2021-10-31 21:44:32,815 WARN  [main] org.springframework.boot.autoconfigure.orm.jpa.JpaBaseConfiguration$JpaWebConfiguration : spring.jpa.open-in-view is enabled by default. Therefore, database queries may be performed during view rendering. Explicitly configure spring.jpa.open-in-view to disable this warning
2021-10-31 21:48:39,853 WARN  [RMI TCP Connection(3)-192.168.0.105] javax.management.remote.misc : The server has decided to close this client connection.
2021-10-31 21:48:39,807 WARN  [HikariPool-1 housekeeper] com.zaxxer.hikari.pool.HikariPool : HikariPool-1 - Thread starvation or clock leap detected (housekeeper delta=4m8s243ms54µs500ns).
2021-10-31 21:48:40,072 INFO  [main] org.springframework.security.web.DefaultSecurityFilterChain : Will secure any request with [org.springframework.security.web.context.request.async.WebAsyncManagerIntegrationFilter@6c2fea95, org.springframework.security.web.context.SecurityContextPersistenceFilter@1c0fe6c5, org.springframework.security.web.header.HeaderWriterFilter@7a85dc58, org.springframework.security.web.authentication.logout.LogoutFilter@406808eb, org.springframework.security.web.authentication.www.BasicAuthenticationFilter@472dbaf5, org.springframework.security.web.savedrequest.RequestCacheAwareFilter@58945295, org.springframework.security.web.servletapi.SecurityContextHolderAwareRequestFilter@3ac326c0, org.springframework.security.web.authentication.AnonymousAuthenticationFilter@6ed87ccf, org.springframework.security.web.session.SessionManagementFilter@7b6854b5, org.springframework.security.web.access.ExceptionTranslationFilter@460aa24e, org.springframework.security.web.access.intercept.FilterSecurityInterceptor@518a7b8a]
2021-10-31 21:48:40,699 DEBUG [main] org.springframework.web.servlet.mvc.method.annotation.RequestMappingHandlerAdapter : ControllerAdvice beans: 0 @ModelAttribute, 0 @InitBinder, 1 RequestBodyAdvice, 1 ResponseBodyAdvice
2021-10-31 21:48:40,777 DEBUG [main] org.springframework.web.servlet.mvc.method.annotation.RequestMappingHandlerMapping : 5 mappings in 'requestMappingHandlerMapping'
2021-10-31 21:48:40,824 DEBUG [main] org.springframework.web.servlet.handler.SimpleUrlHandlerMapping : Patterns [/webjars/**, /**] in 'resourceHandlerMapping'
2021-10-31 21:48:40,824 DEBUG [main] org.springframework.web.servlet.mvc.method.annotation.ExceptionHandlerExceptionResolver : ControllerAdvice beans: 0 @ExceptionHandler, 1 ResponseBodyAdvice
2021-10-31 21:48:41,011 INFO  [main] org.springframework.boot.web.embedded.tomcat.TomcatWebServer : Tomcat started on port(s): 8080 (http) with context path '/my-application'
2021-10-31 21:48:41,027 INFO  [main] com.example.finalproject.FinalProjectApplication : Started FinalProjectApplication in 253.03 seconds (JVM running for 255.765)
2021-10-31 21:48:41,227 INFO  [SpringApplicationShutdownHook] org.springframework.orm.jpa.LocalContainerEntityManagerFactoryBean : Closing JPA EntityManagerFactory for persistence unit 'default'
2021-10-31 21:48:41,227 INFO  [SpringApplicationShutdownHook] com.zaxxer.hikari.HikariDataSource : HikariPool-1 - Shutdown initiated...
2021-10-31 21:48:41,242 INFO  [SpringApplicationShutdownHook] com.zaxxer.hikari.HikariDataSource : HikariPool-1 - Shutdown completed.
2021-10-31 21:48:49,030 INFO  [main] com.example.finalproject.FinalProjectApplication : Starting FinalProjectApplication using Java 11.0.11 on DESKTOP-AF116VG with PID 14184 (D:\Courses3RD\final-project-all\final-project\target\classes started by Андрей in D:\Courses3RD\final-project-all\final-project)
2021-10-31 21:48:49,046 DEBUG [main] com.example.finalproject.FinalProjectApplication : Running with Spring Boot v2.5.5, Spring v5.3.10
2021-10-31 21:48:49,046 INFO  [main] com.example.finalproject.FinalProjectApplication : No active profile set, falling back to default profiles: default
2021-10-31 21:48:50,030 INFO  [main] org.springframework.data.repository.config.RepositoryConfigurationDelegate : Bootstrapping Spring Data JPA repositories in DEFAULT mode.
2021-10-31 21:48:50,124 INFO  [main] org.springframework.data.repository.config.RepositoryConfigurationDelegate : Finished Spring Data repository scanning in 74 ms. Found 2 JPA repository interfaces.
2021-10-31 21:48:50,999 INFO  [main] org.springframework.boot.web.embedded.tomcat.TomcatWebServer : Tomcat initialized with port(s): 8080 (http)
2021-10-31 21:48:51,014 INFO  [main] org.apache.catalina.core.StandardService : Starting service [Tomcat]
2021-10-31 21:48:51,014 INFO  [main] org.apache.catalina.core.StandardEngine : Starting Servlet engine: [Apache Tomcat/9.0.53]
2021-10-31 21:48:51,202 INFO  [main] org.apache.catalina.core.ContainerBase.[Tomcat].[localhost].[/my-application] : Initializing Spring embedded WebApplicationContext
2021-10-31 21:48:51,202 INFO  [main] org.springframework.boot.web.servlet.context.ServletWebServerApplicationContext : Root WebApplicationContext: initialization completed in 2078 ms
2021-10-31 21:48:51,827 INFO  [main] com.zaxxer.hikari.HikariDataSource : HikariPool-1 - Starting...
2021-10-31 21:48:51,983 INFO  [main] com.zaxxer.hikari.HikariDataSource : HikariPool-1 - Start completed.
2021-10-31 21:48:53,963 INFO  [main] org.springframework.orm.jpa.LocalContainerEntityManagerFactoryBean : Initialized JPA EntityManagerFactory for persistence unit 'default'
2021-10-31 21:48:54,139 WARN  [main] org.springframework.boot.autoconfigure.orm.jpa.JpaBaseConfiguration$JpaWebConfiguration : spring.jpa.open-in-view is enabled by default. Therefore, database queries may be performed during view rendering. Explicitly configure spring.jpa.open-in-view to disable this warning
2021-10-31 21:48:54,972 INFO  [main] org.springframework.security.web.DefaultSecurityFilterChain : Will secure any request with [org.springframework.security.web.context.request.async.WebAsyncManagerIntegrationFilter@4cbb11e4, org.springframework.security.web.context.SecurityContextPersistenceFilter@6369d01c, org.springframework.security.web.header.HeaderWriterFilter@2682cccc, org.springframework.security.web.authentication.logout.LogoutFilter@61607ff0, org.springframework.security.web.authentication.www.BasicAuthenticationFilter@4bc41565, org.springframework.security.web.savedrequest.RequestCacheAwareFilter@ea0c99c, org.springframework.security.web.servletapi.SecurityContextHolderAwareRequestFilter@7910e307, org.springframework.security.web.authentication.AnonymousAuthenticationFilter@326dbe25, org.springframework.security.web.session.SessionManagementFilter@70a54731, org.springframework.security.web.access.ExceptionTranslationFilter@3fecb076, org.springframework.security.web.access.intercept.FilterSecurityInterceptor@5b657342]
2021-10-31 21:48:55,181 DEBUG [main] org.springframework.web.servlet.mvc.method.annotation.RequestMappingHandlerAdapter : ControllerAdvice beans: 0 @ModelAttribute, 0 @InitBinder, 1 RequestBodyAdvice, 1 ResponseBodyAdvice
2021-10-31 21:48:55,263 DEBUG [main] org.springframework.web.servlet.mvc.method.annotation.RequestMappingHandlerMapping : 5 mappings in 'requestMappingHandlerMapping'
2021-10-31 21:48:55,304 DEBUG [main] org.springframework.web.servlet.handler.SimpleUrlHandlerMapping : Patterns [/webjars/**, /**] in 'resourceHandlerMapping'
2021-10-31 21:48:55,321 DEBUG [main] org.springframework.web.servlet.mvc.method.annotation.ExceptionHandlerExceptionResolver : ControllerAdvice beans: 0 @ExceptionHandler, 1 ResponseBodyAdvice
2021-10-31 21:48:55,471 INFO  [main] org.springframework.boot.web.embedded.tomcat.TomcatWebServer : Tomcat started on port(s): 8080 (http) with context path '/my-application'
2021-10-31 21:48:55,496 INFO  [main] com.example.finalproject.FinalProjectApplication : Started FinalProjectApplication in 7.308 seconds (JVM running for 9.908)
2021-10-31 21:49:55,942 INFO  [http-nio-8080-exec-2] org.apache.catalina.core.ContainerBase.[Tomcat].[localhost].[/my-application] : Initializing Spring DispatcherServlet 'dispatcherServlet'
2021-10-31 21:49:55,942 INFO  [http-nio-8080-exec-2] org.springframework.web.servlet.DispatcherServlet : Initializing Servlet 'dispatcherServlet'
2021-10-31 21:49:55,942 DEBUG [http-nio-8080-exec-2] org.springframework.web.servlet.DispatcherServlet : Detected StandardServletMultipartResolver
2021-10-31 21:49:55,942 DEBUG [http-nio-8080-exec-2] org.springframework.web.servlet.DispatcherServlet : Detected AcceptHeaderLocaleResolver
2021-10-31 21:49:55,942 DEBUG [http-nio-8080-exec-2] org.springframework.web.servlet.DispatcherServlet : Detected FixedThemeResolver
2021-10-31 21:49:55,942 DEBUG [http-nio-8080-exec-2] org.springframework.web.servlet.DispatcherServlet : Detected org.springframework.web.servlet.view.DefaultRequestToViewNameTranslator@5d035ab6
2021-10-31 21:49:55,942 DEBUG [http-nio-8080-exec-2] org.springframework.web.servlet.DispatcherServlet : Detected org.springframework.web.servlet.support.SessionFlashMapManager@641cea11
2021-10-31 21:49:55,942 DEBUG [http-nio-8080-exec-2] org.springframework.web.servlet.DispatcherServlet : enableLoggingRequestDetails='false': request parameters and headers will be masked to prevent unsafe logging of potentially sensitive data
2021-10-31 21:49:55,942 INFO  [http-nio-8080-exec-2] org.springframework.web.servlet.DispatcherServlet : Completed initialization in 0 ms
2021-10-31 21:49:56,176 WARN  [http-nio-8080-exec-2] org.apache.catalina.util.SessionIdGeneratorBase : Creation of SecureRandom instance for session ID generation using [SHA1PRNG] took [190] milliseconds.
2021-10-31 21:49:56,184 DEBUG [http-nio-8080-exec-2] org.springframework.web.servlet.DispatcherServlet : "ERROR" dispatch for POST "/my-application/error", parameters={}
2021-10-31 21:49:56,192 DEBUG [http-nio-8080-exec-2] org.springframework.web.servlet.mvc.method.annotation.RequestMappingHandlerMapping : Mapped to org.springframework.boot.autoconfigure.web.servlet.error.BasicErrorController#error(HttpServletRequest)
2021-10-31 21:49:56,242 DEBUG [http-nio-8080-exec-2] org.springframework.web.servlet.mvc.method.annotation.HttpEntityMethodProcessor : Using 'application/json', given [*/*] and supported [application/json, application/*+json, application/json, application/*+json]
2021-10-31 21:49:56,242 DEBUG [http-nio-8080-exec-2] org.springframework.web.servlet.mvc.method.annotation.HttpEntityMethodProcessor : Writing [{timestamp=Sun Oct 31 21:49:56 MSK 2021, status=401, error=Unauthorized, path=/my-application/user}]
2021-10-31 21:49:56,310 DEBUG [http-nio-8080-exec-2] org.springframework.web.servlet.DispatcherServlet : Exiting from "ERROR" dispatch, status 401
2021-10-31 21:50:25,374 DEBUG [http-nio-8080-exec-3] org.springframework.web.servlet.DispatcherServlet : POST "/my-application/register", parameters={}
2021-10-31 21:50:25,374 DEBUG [http-nio-8080-exec-3] org.springframework.web.servlet.mvc.method.annotation.RequestMappingHandlerMapping : Mapped to com.example.finalproject.controller.RegisterController#addUser(UserDto)
2021-10-31 21:50:25,433 DEBUG [http-nio-8080-exec-3] org.springframework.web.servlet.mvc.method.annotation.RequestResponseBodyMethodProcessor : Read "application/json;charset=UTF-8" to [com.example.finalproject.dto.UserDto@3408973f]
2021-10-31 21:50:25,483 DEBUG [http-nio-8080-exec-3] com.example.finalproject.controller.RegisterController : Adding new user[com.example.finalproject.dto.UserDto@3408973f]
2021-10-31 21:50:26,067 DEBUG [http-nio-8080-exec-3] org.springframework.web.servlet.mvc.method.annotation.RequestResponseBodyMethodProcessor : Using 'application/json', given [*/*] and supported [application/json, application/*+json, application/json, application/*+json]
2021-10-31 21:50:26,067 DEBUG [http-nio-8080-exec-3] org.springframework.web.servlet.mvc.method.annotation.RequestResponseBodyMethodProcessor : Writing [{callback=true}]
2021-10-31 21:50:26,083 DEBUG [http-nio-8080-exec-3] org.springframework.web.servlet.DispatcherServlet : Completed 200 OK
2021-10-31 21:51:26,948 INFO  [main] com.example.finalproject.FinalProjectApplication : Starting FinalProjectApplication using Java 11.0.11 on DESKTOP-AF116VG with PID 8952 (D:\Courses3RD\final-project-all\final-project\target\classes started by Андрей in D:\Courses3RD\final-project-all\final-project)
2021-10-31 21:51:26,948 DEBUG [main] com.example.finalproject.FinalProjectApplication : Running with Spring Boot v2.5.5, Spring v5.3.10
2021-10-31 21:51:26,948 INFO  [main] com.example.finalproject.FinalProjectApplication : No active profile set, falling back to default profiles: default
2021-10-31 21:51:27,732 INFO  [main] org.springframework.data.repository.config.RepositoryConfigurationDelegate : Bootstrapping Spring Data JPA repositories in DEFAULT mode.
2021-10-31 21:51:27,820 INFO  [main] org.springframework.data.repository.config.RepositoryConfigurationDelegate : Finished Spring Data repository scanning in 81 ms. Found 2 JPA repository interfaces.
2021-10-31 21:51:28,508 INFO  [main] org.springframework.boot.web.embedded.tomcat.TomcatWebServer : Tomcat initialized with port(s): 8080 (http)
2021-10-31 21:51:28,516 INFO  [main] org.apache.catalina.core.StandardService : Starting service [Tomcat]
2021-10-31 21:51:28,516 INFO  [main] org.apache.catalina.core.StandardEngine : Starting Servlet engine: [Apache Tomcat/9.0.53]
2021-10-31 21:51:28,679 INFO  [main] org.apache.catalina.core.ContainerBase.[Tomcat].[localhost].[/my-application] : Initializing Spring embedded WebApplicationContext
2021-10-31 21:51:28,679 INFO  [main] org.springframework.boot.web.servlet.context.ServletWebServerApplicationContext : Root WebApplicationContext: initialization completed in 1667 ms
2021-10-31 21:51:29,200 INFO  [main] com.zaxxer.hikari.HikariDataSource : HikariPool-1 - Starting...
2021-10-31 21:51:29,518 INFO  [main] com.zaxxer.hikari.HikariDataSource : HikariPool-1 - Start completed.
2021-10-31 21:51:30,573 INFO  [main] org.springframework.orm.jpa.LocalContainerEntityManagerFactoryBean : Initialized JPA EntityManagerFactory for persistence unit 'default'
2021-10-31 21:51:30,729 WARN  [main] org.springframework.boot.autoconfigure.orm.jpa.JpaBaseConfiguration$JpaWebConfiguration : spring.jpa.open-in-view is enabled by default. Therefore, database queries may be performed during view rendering. Explicitly configure spring.jpa.open-in-view to disable this warning
2021-10-31 21:51:31,337 INFO  [main] org.springframework.security.web.DefaultSecurityFilterChain : Will secure any request with [org.springframework.security.web.context.request.async.WebAsyncManagerIntegrationFilter@63062eea, org.springframework.security.web.context.SecurityContextPersistenceFilter@74c23525, org.springframework.security.web.header.HeaderWriterFilter@4eace42b, org.springframework.security.web.authentication.logout.LogoutFilter@54a033b8, org.springframework.security.web.authentication.www.BasicAuthenticationFilter@39296cef, org.springframework.security.web.savedrequest.RequestCacheAwareFilter@531bec12, org.springframework.security.web.servletapi.SecurityContextHolderAwareRequestFilter@9976b27, org.springframework.security.web.authentication.AnonymousAuthenticationFilter@7bad18f5, org.springframework.security.web.session.SessionManagementFilter@6f95654c, org.springframework.security.web.access.ExceptionTranslationFilter@27e3dc9a, org.springframework.security.web.access.intercept.FilterSecurityInterceptor@9dbb1d9]
2021-10-31 21:51:31,496 DEBUG [main] org.springframework.web.servlet.mvc.method.annotation.RequestMappingHandlerAdapter : ControllerAdvice beans: 0 @ModelAttribute, 0 @InitBinder, 1 RequestBodyAdvice, 1 ResponseBodyAdvice
2021-10-31 21:51:31,561 DEBUG [main] org.springframework.web.servlet.mvc.method.annotation.RequestMappingHandlerMapping : 5 mappings in 'requestMappingHandlerMapping'
2021-10-31 21:51:31,593 DEBUG [main] org.springframework.web.servlet.handler.SimpleUrlHandlerMapping : Patterns [/webjars/**, /**] in 'resourceHandlerMapping'
2021-10-31 21:51:31,608 DEBUG [main] org.springframework.web.servlet.mvc.method.annotation.ExceptionHandlerExceptionResolver : ControllerAdvice beans: 0 @ExceptionHandler, 1 ResponseBodyAdvice
2021-10-31 21:51:31,733 INFO  [main] org.springframework.boot.web.embedded.tomcat.TomcatWebServer : Tomcat started on port(s): 8080 (http) with context path '/my-application'
2021-10-31 21:51:31,765 INFO  [main] com.example.finalproject.FinalProjectApplication : Started FinalProjectApplication in 5.603 seconds (JVM running for 7.14)
2021-10-31 21:51:39,848 INFO  [http-nio-8080-exec-2] org.apache.catalina.core.ContainerBase.[Tomcat].[localhost].[/my-application] : Initializing Spring DispatcherServlet 'dispatcherServlet'
2021-10-31 21:51:39,848 INFO  [http-nio-8080-exec-2] org.springframework.web.servlet.DispatcherServlet : Initializing Servlet 'dispatcherServlet'
2021-10-31 21:51:39,848 DEBUG [http-nio-8080-exec-2] org.springframework.web.servlet.DispatcherServlet : Detected StandardServletMultipartResolver
2021-10-31 21:51:39,848 DEBUG [http-nio-8080-exec-2] org.springframework.web.servlet.DispatcherServlet : Detected AcceptHeaderLocaleResolver
2021-10-31 21:51:39,848 DEBUG [http-nio-8080-exec-2] org.springframework.web.servlet.DispatcherServlet : Detected FixedThemeResolver
2021-10-31 21:51:39,848 DEBUG [http-nio-8080-exec-2] org.springframework.web.servlet.DispatcherServlet : Detected org.springframework.web.servlet.view.DefaultRequestToViewNameTranslator@4542af89
2021-10-31 21:51:39,848 DEBUG [http-nio-8080-exec-2] org.springframework.web.servlet.DispatcherServlet : Detected org.springframework.web.servlet.support.SessionFlashMapManager@46c9ee28
2021-10-31 21:51:39,848 DEBUG [http-nio-8080-exec-2] org.springframework.web.servlet.DispatcherServlet : enableLoggingRequestDetails='false': request parameters and headers will be masked to prevent unsafe logging of potentially sensitive data
2021-10-31 21:51:39,848 INFO  [http-nio-8080-exec-2] org.springframework.web.servlet.DispatcherServlet : Completed initialization in 0 ms
2021-10-31 21:51:39,872 DEBUG [http-nio-8080-exec-2] org.springframework.web.servlet.DispatcherServlet : POST "/my-application/register", parameters={}
2021-10-31 21:51:39,880 DEBUG [http-nio-8080-exec-2] org.springframework.web.servlet.mvc.method.annotation.RequestMappingHandlerMapping : Mapped to com.example.finalproject.controller.RegisterController#addUser(UserDto)
2021-10-31 21:51:39,974 DEBUG [http-nio-8080-exec-2] org.springframework.web.servlet.mvc.method.annotation.RequestResponseBodyMethodProcessor : Read "application/json;charset=UTF-8" to [com.example.finalproject.dto.UserDto@2d37f782]
2021-10-31 21:51:40,006 DEBUG [http-nio-8080-exec-2] com.example.finalproject.controller.RegisterController : Adding new user[com.example.finalproject.dto.UserDto@2d37f782]
2021-10-31 21:51:40,460 DEBUG [http-nio-8080-exec-2] org.springframework.web.servlet.mvc.method.annotation.RequestResponseBodyMethodProcessor : Using 'application/json', given [*/*] and supported [application/json, application/*+json, application/json, application/*+json]
2021-10-31 21:51:40,460 DEBUG [http-nio-8080-exec-2] org.springframework.web.servlet.mvc.method.annotation.RequestResponseBodyMethodProcessor : Writing [{callback=true}]
2021-10-31 21:51:40,476 DEBUG [http-nio-8080-exec-2] org.springframework.web.servlet.DispatcherServlet : Completed 200 OK
2021-10-31 22:15:04,328 INFO  [main] com.example.finalproject.FinalProjectApplication : Starting FinalProjectApplication using Java 11.0.11 on DESKTOP-AF116VG with PID 6536 (D:\Courses3RD\final-project-all\final-project\target\classes started by Андрей in D:\Courses3RD\final-project-all\final-project)
2021-10-31 22:15:04,343 DEBUG [main] com.example.finalproject.FinalProjectApplication : Running with Spring Boot v2.5.5, Spring v5.3.10
2021-10-31 22:15:04,343 INFO  [main] com.example.finalproject.FinalProjectApplication : No active profile set, falling back to default profiles: default
2021-10-31 22:15:05,015 INFO  [main] org.springframework.data.repository.config.RepositoryConfigurationDelegate : Bootstrapping Spring Data JPA repositories in DEFAULT mode.
2021-10-31 22:15:05,109 INFO  [main] org.springframework.data.repository.config.RepositoryConfigurationDelegate : Finished Spring Data repository scanning in 90 ms. Found 2 JPA repository interfaces.
2021-10-31 22:15:05,979 INFO  [main] org.springframework.boot.web.embedded.tomcat.TomcatWebServer : Tomcat initialized with port(s): 8080 (http)
2021-10-31 22:15:05,979 INFO  [main] org.apache.catalina.core.StandardService : Starting service [Tomcat]
2021-10-31 22:15:05,979 INFO  [main] org.apache.catalina.core.StandardEngine : Starting Servlet engine: [Apache Tomcat/9.0.53]
2021-10-31 22:15:06,167 INFO  [main] org.apache.catalina.core.ContainerBase.[Tomcat].[localhost].[/my-application] : Initializing Spring embedded WebApplicationContext
2021-10-31 22:15:06,167 INFO  [main] org.springframework.boot.web.servlet.context.ServletWebServerApplicationContext : Root WebApplicationContext: initialization completed in 1745 ms
2021-10-31 22:15:06,682 INFO  [main] com.zaxxer.hikari.HikariDataSource : HikariPool-1 - Starting...
2021-10-31 22:15:06,823 INFO  [main] com.zaxxer.hikari.HikariDataSource : HikariPool-1 - Start completed.
2021-10-31 22:15:07,979 INFO  [main] org.springframework.orm.jpa.LocalContainerEntityManagerFactoryBean : Initialized JPA EntityManagerFactory for persistence unit 'default'
2021-10-31 22:15:08,136 WARN  [main] org.springframework.boot.autoconfigure.orm.jpa.JpaBaseConfiguration$JpaWebConfiguration : spring.jpa.open-in-view is enabled by default. Therefore, database queries may be performed during view rendering. Explicitly configure spring.jpa.open-in-view to disable this warning
2021-10-31 22:15:22,416 INFO  [main] org.springframework.security.web.DefaultSecurityFilterChain : Will secure any request with [org.springframework.security.web.context.request.async.WebAsyncManagerIntegrationFilter@4d4600fb, org.springframework.security.web.context.SecurityContextPersistenceFilter@6839d03b, org.springframework.security.web.header.HeaderWriterFilter@32e5fb4c, org.springframework.security.web.authentication.logout.LogoutFilter@6f7241c2, org.springframework.security.web.authentication.www.BasicAuthenticationFilter@619854a3, org.springframework.security.web.savedrequest.RequestCacheAwareFilter@703e5614, org.springframework.security.web.servletapi.SecurityContextHolderAwareRequestFilter@3d1b43d8, org.springframework.security.web.authentication.AnonymousAuthenticationFilter@7352418c, org.springframework.security.web.session.SessionManagementFilter@58945295, org.springframework.security.web.access.ExceptionTranslationFilter@7a85dc58, org.springframework.security.web.access.intercept.FilterSecurityInterceptor@7253c53]
2021-10-31 22:15:22,704 DEBUG [main] org.springframework.web.servlet.mvc.method.annotation.RequestMappingHandlerAdapter : ControllerAdvice beans: 0 @ModelAttribute, 0 @InitBinder, 1 RequestBodyAdvice, 1 ResponseBodyAdvice
2021-10-31 22:15:22,857 DEBUG [main] org.springframework.web.servlet.mvc.method.annotation.RequestMappingHandlerMapping : 5 mappings in 'requestMappingHandlerMapping'
2021-10-31 22:15:22,913 DEBUG [main] org.springframework.web.servlet.handler.SimpleUrlHandlerMapping : Patterns [/webjars/**, /**] in 'resourceHandlerMapping'
2021-10-31 22:15:22,929 DEBUG [main] org.springframework.web.servlet.mvc.method.annotation.ExceptionHandlerExceptionResolver : ControllerAdvice beans: 0 @ExceptionHandler, 1 ResponseBodyAdvice
2021-10-31 22:15:23,105 INFO  [main] org.springframework.boot.web.embedded.tomcat.TomcatWebServer : Tomcat started on port(s): 8080 (http) with context path '/my-application'
2021-10-31 22:15:23,138 INFO  [main] com.example.finalproject.FinalProjectApplication : Started FinalProjectApplication in 19.557 seconds (JVM running for 21.96)
2021-10-31 22:15:23,372 INFO  [SpringApplicationShutdownHook] org.springframework.orm.jpa.LocalContainerEntityManagerFactoryBean : Closing JPA EntityManagerFactory for persistence unit 'default'
2021-10-31 22:15:23,380 INFO  [SpringApplicationShutdownHook] com.zaxxer.hikari.HikariDataSource : HikariPool-1 - Shutdown initiated...
2021-10-31 22:15:23,388 INFO  [SpringApplicationShutdownHook] com.zaxxer.hikari.HikariDataSource : HikariPool-1 - Shutdown completed.
2021-10-31 22:19:22,550 INFO  [main] com.example.finalproject.FinalProjectApplication : Starting FinalProjectApplication using Java 11.0.11 on DESKTOP-AF116VG with PID 13000 (D:\Courses3RD\final-project-all\final-project\target\classes started by Андрей in D:\Courses3RD\final-project-all\final-project)
2021-10-31 22:19:22,550 DEBUG [main] com.example.finalproject.FinalProjectApplication : Running with Spring Boot v2.5.5, Spring v5.3.10
2021-10-31 22:19:22,550 INFO  [main] com.example.finalproject.FinalProjectApplication : No active profile set, falling back to default profiles: default
2021-10-31 22:19:23,199 INFO  [main] org.springframework.data.repository.config.RepositoryConfigurationDelegate : Bootstrapping Spring Data JPA repositories in DEFAULT mode.
2021-10-31 22:19:23,277 INFO  [main] org.springframework.data.repository.config.RepositoryConfigurationDelegate : Finished Spring Data repository scanning in 64 ms. Found 2 JPA repository interfaces.
2021-10-31 22:19:23,971 INFO  [main] org.springframework.boot.web.embedded.tomcat.TomcatWebServer : Tomcat initialized with port(s): 8080 (http)
2021-10-31 22:19:23,986 INFO  [main] org.apache.catalina.core.StandardService : Starting service [Tomcat]
2021-10-31 22:19:23,986 INFO  [main] org.apache.catalina.core.StandardEngine : Starting Servlet engine: [Apache Tomcat/9.0.53]
2021-10-31 22:19:24,180 INFO  [main] org.apache.catalina.core.ContainerBase.[Tomcat].[localhost].[/my-application] : Initializing Spring embedded WebApplicationContext
2021-10-31 22:19:24,180 INFO  [main] org.springframework.boot.web.servlet.context.ServletWebServerApplicationContext : Root WebApplicationContext: initialization completed in 1567 ms
2021-10-31 22:19:24,649 INFO  [main] com.zaxxer.hikari.HikariDataSource : HikariPool-1 - Starting...
2021-10-31 22:19:24,789 INFO  [main] com.zaxxer.hikari.HikariDataSource : HikariPool-1 - Start completed.
2021-10-31 22:19:25,731 INFO  [main] org.springframework.orm.jpa.LocalContainerEntityManagerFactoryBean : Initialized JPA EntityManagerFactory for persistence unit 'default'
2021-10-31 22:19:25,840 WARN  [main] org.springframework.boot.autoconfigure.orm.jpa.JpaBaseConfiguration$JpaWebConfiguration : spring.jpa.open-in-view is enabled by default. Therefore, database queries may be performed during view rendering. Explicitly configure spring.jpa.open-in-view to disable this warning
2021-10-31 22:19:26,445 INFO  [main] org.springframework.security.web.DefaultSecurityFilterChain : Will secure any request with [org.springframework.security.web.context.request.async.WebAsyncManagerIntegrationFilter@9dbb1d9, org.springframework.security.web.context.SecurityContextPersistenceFilter@3ee68eb2, org.springframework.security.web.header.HeaderWriterFilter@4468c0ea, org.springframework.security.web.authentication.logout.LogoutFilter@9976b27, org.springframework.security.web.authentication.www.BasicAuthenticationFilter@6d41200c, org.springframework.security.web.savedrequest.RequestCacheAwareFilter@27e3dc9a, org.springframework.security.web.servletapi.SecurityContextHolderAwareRequestFilter@240df292, org.springframework.security.web.authentication.AnonymousAuthenticationFilter@1bb0fa38, org.springframework.security.web.session.SessionManagementFilter@1368e2f7, org.springframework.security.web.access.ExceptionTranslationFilter@37a0fc8c, org.springframework.security.web.access.intercept.FilterSecurityInterceptor@6be1f37f]
2021-10-31 22:19:26,601 DEBUG [main] org.springframework.web.servlet.mvc.method.annotation.RequestMappingHandlerAdapter : ControllerAdvice beans: 0 @ModelAttribute, 0 @InitBinder, 1 RequestBodyAdvice, 1 ResponseBodyAdvice
2021-10-31 22:19:26,679 DEBUG [main] org.springframework.web.servlet.mvc.method.annotation.RequestMappingHandlerMapping : 5 mappings in 'requestMappingHandlerMapping'
2021-10-31 22:19:26,733 DEBUG [main] org.springframework.web.servlet.handler.SimpleUrlHandlerMapping : Patterns [/webjars/**, /**] in 'resourceHandlerMapping'
2021-10-31 22:19:26,749 DEBUG [main] org.springframework.web.servlet.mvc.method.annotation.ExceptionHandlerExceptionResolver : ControllerAdvice beans: 0 @ExceptionHandler, 1 ResponseBodyAdvice
2021-10-31 22:19:26,880 INFO  [main] org.springframework.boot.web.embedded.tomcat.TomcatWebServer : Tomcat started on port(s): 8080 (http) with context path '/my-application'
2021-10-31 22:19:26,880 INFO  [main] com.example.finalproject.FinalProjectApplication : Started FinalProjectApplication in 5.029 seconds (JVM running for 6.722)
2021-10-31 22:19:53,034 INFO  [http-nio-8080-exec-2] org.apache.catalina.core.ContainerBase.[Tomcat].[localhost].[/my-application] : Initializing Spring DispatcherServlet 'dispatcherServlet'
2021-10-31 22:19:53,034 INFO  [http-nio-8080-exec-2] org.springframework.web.servlet.DispatcherServlet : Initializing Servlet 'dispatcherServlet'
2021-10-31 22:19:53,034 DEBUG [http-nio-8080-exec-2] org.springframework.web.servlet.DispatcherServlet : Detected StandardServletMultipartResolver
2021-10-31 22:19:53,034 DEBUG [http-nio-8080-exec-2] org.springframework.web.servlet.DispatcherServlet : Detected AcceptHeaderLocaleResolver
2021-10-31 22:19:53,034 DEBUG [http-nio-8080-exec-2] org.springframework.web.servlet.DispatcherServlet : Detected FixedThemeResolver
2021-10-31 22:19:53,034 DEBUG [http-nio-8080-exec-2] org.springframework.web.servlet.DispatcherServlet : Detected org.springframework.web.servlet.view.DefaultRequestToViewNameTranslator@10bcbbce
2021-10-31 22:19:53,034 DEBUG [http-nio-8080-exec-2] org.springframework.web.servlet.DispatcherServlet : Detected org.springframework.web.servlet.support.SessionFlashMapManager@5eae392d
2021-10-31 22:19:53,034 DEBUG [http-nio-8080-exec-2] org.springframework.web.servlet.DispatcherServlet : enableLoggingRequestDetails='false': request parameters and headers will be masked to prevent unsafe logging of potentially sensitive data
2021-10-31 22:19:53,034 INFO  [http-nio-8080-exec-2] org.springframework.web.servlet.DispatcherServlet : Completed initialization in 0 ms
2021-10-31 22:19:53,066 DEBUG [http-nio-8080-exec-2] org.springframework.web.servlet.DispatcherServlet : POST "/my-application/register", parameters={}
2021-10-31 22:19:53,074 DEBUG [http-nio-8080-exec-2] org.springframework.web.servlet.mvc.method.annotation.RequestMappingHandlerMapping : Mapped to com.example.finalproject.controller.RegisterController#addUser(UserDto)
2021-10-31 22:19:53,191 DEBUG [http-nio-8080-exec-2] org.springframework.web.servlet.mvc.method.annotation.RequestResponseBodyMethodProcessor : Read "application/json;charset=UTF-8" to [com.example.finalproject.dto.UserDto@337de88]
2021-10-31 22:19:53,233 DEBUG [http-nio-8080-exec-2] com.example.finalproject.controller.RegisterController : Adding new user[com.example.finalproject.dto.UserDto@337de88]
2021-10-31 22:19:53,659 DEBUG [http-nio-8080-exec-2] org.springframework.web.servlet.mvc.method.annotation.RequestResponseBodyMethodProcessor : Using 'application/json', given [*/*] and supported [application/json, application/*+json, application/json, application/*+json]
2021-10-31 22:19:53,659 DEBUG [http-nio-8080-exec-2] org.springframework.web.servlet.mvc.method.annotation.RequestResponseBodyMethodProcessor : Writing [{callback=true}]
2021-10-31 22:19:53,700 DEBUG [http-nio-8080-exec-2] org.springframework.web.servlet.DispatcherServlet : Completed 200 OK
2021-10-31 22:21:03,657 INFO  [main] com.example.finalproject.FinalProjectApplication : Starting FinalProjectApplication using Java 11.0.11 on DESKTOP-AF116VG with PID 1700 (D:\Courses3RD\final-project-all\final-project\target\classes started by Андрей in D:\Courses3RD\final-project-all\final-project)
2021-10-31 22:21:03,657 DEBUG [main] com.example.finalproject.FinalProjectApplication : Running with Spring Boot v2.5.5, Spring v5.3.10
2021-10-31 22:21:03,657 INFO  [main] com.example.finalproject.FinalProjectApplication : No active profile set, falling back to default profiles: default
2021-10-31 22:21:04,336 INFO  [main] org.springframework.data.repository.config.RepositoryConfigurationDelegate : Bootstrapping Spring Data JPA repositories in DEFAULT mode.
2021-10-31 22:21:04,420 INFO  [main] org.springframework.data.repository.config.RepositoryConfigurationDelegate : Finished Spring Data repository scanning in 85 ms. Found 2 JPA repository interfaces.
2021-10-31 22:21:05,061 INFO  [main] org.springframework.boot.web.embedded.tomcat.TomcatWebServer : Tomcat initialized with port(s): 8080 (http)
2021-10-31 22:21:05,077 INFO  [main] org.apache.catalina.core.StandardService : Starting service [Tomcat]
2021-10-31 22:21:05,077 INFO  [main] org.apache.catalina.core.StandardEngine : Starting Servlet engine: [Apache Tomcat/9.0.53]
2021-10-31 22:21:05,271 INFO  [main] org.apache.catalina.core.ContainerBase.[Tomcat].[localhost].[/my-application] : Initializing Spring embedded WebApplicationContext
2021-10-31 22:21:05,271 INFO  [main] org.springframework.boot.web.servlet.context.ServletWebServerApplicationContext : Root WebApplicationContext: initialization completed in 1536 ms
2021-10-31 22:21:05,724 INFO  [main] com.zaxxer.hikari.HikariDataSource : HikariPool-1 - Starting...
2021-10-31 22:21:05,848 INFO  [main] com.zaxxer.hikari.HikariDataSource : HikariPool-1 - Start completed.
2021-10-31 22:21:06,804 INFO  [main] org.springframework.orm.jpa.LocalContainerEntityManagerFactoryBean : Initialized JPA EntityManagerFactory for persistence unit 'default'
2021-10-31 22:21:06,929 WARN  [main] org.springframework.boot.autoconfigure.orm.jpa.JpaBaseConfiguration$JpaWebConfiguration : spring.jpa.open-in-view is enabled by default. Therefore, database queries may be performed during view rendering. Explicitly configure spring.jpa.open-in-view to disable this warning
2021-10-31 22:21:07,529 INFO  [main] org.springframework.security.web.DefaultSecurityFilterChain : Will secure any request with [org.springframework.security.web.context.request.async.WebAsyncManagerIntegrationFilter@354e2bff, org.springframework.security.web.context.SecurityContextPersistenceFilter@38ad86b1, org.springframework.security.web.header.HeaderWriterFilter@4d84688f, org.springframework.security.web.authentication.logout.LogoutFilter@7c37ac3c, org.springframework.security.web.authentication.www.BasicAuthenticationFilter@62f305bc, org.springframework.security.web.savedrequest.RequestCacheAwareFilter@375ff309, org.springframework.security.web.servletapi.SecurityContextHolderAwareRequestFilter@54087bdb, org.springframework.security.web.authentication.AnonymousAuthenticationFilter@232b3b4c, org.springframework.security.web.session.SessionManagementFilter@333efb51, org.springframework.security.web.access.ExceptionTranslationFilter@4023d23f, org.springframework.security.web.access.intercept.FilterSecurityInterceptor@5667dd90]
2021-10-31 22:21:07,685 DEBUG [main] org.springframework.web.servlet.mvc.method.annotation.RequestMappingHandlerAdapter : ControllerAdvice beans: 0 @ModelAttribute, 0 @InitBinder, 1 RequestBodyAdvice, 1 ResponseBodyAdvice
2021-10-31 22:21:07,748 DEBUG [main] org.springframework.web.servlet.mvc.method.annotation.RequestMappingHandlerMapping : 5 mappings in 'requestMappingHandlerMapping'
2021-10-31 22:21:07,794 DEBUG [main] org.springframework.web.servlet.handler.SimpleUrlHandlerMapping : Patterns [/webjars/**, /**] in 'resourceHandlerMapping'
2021-10-31 22:21:07,794 DEBUG [main] org.springframework.web.servlet.mvc.method.annotation.ExceptionHandlerExceptionResolver : ControllerAdvice beans: 0 @ExceptionHandler, 1 ResponseBodyAdvice
2021-10-31 22:21:07,904 INFO  [main] org.springframework.boot.web.embedded.tomcat.TomcatWebServer : Tomcat started on port(s): 8080 (http) with context path '/my-application'
2021-10-31 22:21:07,922 INFO  [main] com.example.finalproject.FinalProjectApplication : Started FinalProjectApplication in 5.174 seconds (JVM running for 6.901)
2021-10-31 22:21:18,423 INFO  [http-nio-8080-exec-1] org.apache.catalina.core.ContainerBase.[Tomcat].[localhost].[/my-application] : Initializing Spring DispatcherServlet 'dispatcherServlet'
2021-10-31 22:21:18,423 INFO  [http-nio-8080-exec-1] org.springframework.web.servlet.DispatcherServlet : Initializing Servlet 'dispatcherServlet'
2021-10-31 22:21:18,431 DEBUG [http-nio-8080-exec-1] org.springframework.web.servlet.DispatcherServlet : Detected StandardServletMultipartResolver
2021-10-31 22:21:18,431 DEBUG [http-nio-8080-exec-1] org.springframework.web.servlet.DispatcherServlet : Detected AcceptHeaderLocaleResolver
2021-10-31 22:21:18,431 DEBUG [http-nio-8080-exec-1] org.springframework.web.servlet.DispatcherServlet : Detected FixedThemeResolver
2021-10-31 22:21:18,431 DEBUG [http-nio-8080-exec-1] org.springframework.web.servlet.DispatcherServlet : Detected org.springframework.web.servlet.view.DefaultRequestToViewNameTranslator@322eb1a
2021-10-31 22:21:18,431 DEBUG [http-nio-8080-exec-1] org.springframework.web.servlet.DispatcherServlet : Detected org.springframework.web.servlet.support.SessionFlashMapManager@f8fe81e
2021-10-31 22:21:18,431 DEBUG [http-nio-8080-exec-1] org.springframework.web.servlet.DispatcherServlet : enableLoggingRequestDetails='false': request parameters and headers will be masked to prevent unsafe logging of potentially sensitive data
2021-10-31 22:21:18,431 INFO  [http-nio-8080-exec-1] org.springframework.web.servlet.DispatcherServlet : Completed initialization in 0 ms
2021-10-31 22:21:18,455 DEBUG [http-nio-8080-exec-1] org.springframework.web.servlet.DispatcherServlet : POST "/my-application/register", parameters={}
2021-10-31 22:21:18,463 DEBUG [http-nio-8080-exec-1] org.springframework.web.servlet.mvc.method.annotation.RequestMappingHandlerMapping : Mapped to com.example.finalproject.controller.RegisterController#addUser(UserDto)
2021-10-31 22:21:18,543 DEBUG [http-nio-8080-exec-1] org.springframework.web.servlet.mvc.method.annotation.RequestResponseBodyMethodProcessor : Read "application/json;charset=UTF-8" to [com.example.finalproject.dto.UserDto@141896b1]
2021-10-31 22:21:18,575 DEBUG [http-nio-8080-exec-1] com.example.finalproject.controller.RegisterController : Adding new user[com.example.finalproject.dto.UserDto@141896b1]
2021-10-31 22:21:18,975 DEBUG [http-nio-8080-exec-1] org.springframework.web.servlet.mvc.method.annotation.RequestResponseBodyMethodProcessor : Using 'application/json', given [*/*] and supported [application/json, application/*+json, application/json, application/*+json]
2021-10-31 22:21:18,975 DEBUG [http-nio-8080-exec-1] org.springframework.web.servlet.mvc.method.annotation.RequestResponseBodyMethodProcessor : Writing [{callback=true}]
2021-10-31 22:21:19,007 DEBUG [http-nio-8080-exec-1] org.springframework.web.servlet.DispatcherServlet : Completed 200 OK
2021-10-31 22:22:03,877 INFO  [main] com.example.finalproject.FinalProjectApplication : Starting FinalProjectApplication using Java 11.0.11 on DESKTOP-AF116VG with PID 9636 (D:\Courses3RD\final-project-all\final-project\target\classes started by Андрей in D:\Courses3RD\final-project-all\final-project)
2021-10-31 22:22:03,893 DEBUG [main] com.example.finalproject.FinalProjectApplication : Running with Spring Boot v2.5.5, Spring v5.3.10
2021-10-31 22:22:03,893 INFO  [main] com.example.finalproject.FinalProjectApplication : No active profile set, falling back to default profiles: default
2021-10-31 22:22:04,643 INFO  [main] org.springframework.data.repository.config.RepositoryConfigurationDelegate : Bootstrapping Spring Data JPA repositories in DEFAULT mode.
2021-10-31 22:22:04,724 INFO  [main] org.springframework.data.repository.config.RepositoryConfigurationDelegate : Finished Spring Data repository scanning in 72 ms. Found 2 JPA repository interfaces.
2021-10-31 22:22:05,399 INFO  [main] org.springframework.boot.web.embedded.tomcat.TomcatWebServer : Tomcat initialized with port(s): 8080 (http)
2021-10-31 22:22:05,399 INFO  [main] org.apache.catalina.core.StandardService : Starting service [Tomcat]
2021-10-31 22:22:05,399 INFO  [main] org.apache.catalina.core.StandardEngine : Starting Servlet engine: [Apache Tomcat/9.0.53]
2021-10-31 22:22:05,555 INFO  [main] org.apache.catalina.core.ContainerBase.[Tomcat].[localhost].[/my-application] : Initializing Spring embedded WebApplicationContext
2021-10-31 22:22:05,555 INFO  [main] org.springframework.boot.web.servlet.context.ServletWebServerApplicationContext : Root WebApplicationContext: initialization completed in 1568 ms
2021-10-31 22:22:06,009 INFO  [main] com.zaxxer.hikari.HikariDataSource : HikariPool-1 - Starting...
2021-10-31 22:22:06,149 INFO  [main] com.zaxxer.hikari.HikariDataSource : HikariPool-1 - Start completed.
2021-10-31 22:22:07,126 INFO  [main] org.springframework.orm.jpa.LocalContainerEntityManagerFactoryBean : Initialized JPA EntityManagerFactory for persistence unit 'default'
2021-10-31 22:22:07,251 WARN  [main] org.springframework.boot.autoconfigure.orm.jpa.JpaBaseConfiguration$JpaWebConfiguration : spring.jpa.open-in-view is enabled by default. Therefore, database queries may be performed during view rendering. Explicitly configure spring.jpa.open-in-view to disable this warning
2021-10-31 22:22:07,773 INFO  [main] org.springframework.security.web.DefaultSecurityFilterChain : Will secure any request with [org.springframework.security.web.context.request.async.WebAsyncManagerIntegrationFilter@41c88e00, org.springframework.security.web.context.SecurityContextPersistenceFilter@13e0f380, org.springframework.security.web.header.HeaderWriterFilter@4023d23f, org.springframework.security.web.authentication.logout.LogoutFilter@25ee3caa, org.springframework.security.web.authentication.www.BasicAuthenticationFilter@19355a56, org.springframework.security.web.savedrequest.RequestCacheAwareFilter@333efb51, org.springframework.security.web.servletapi.SecurityContextHolderAwareRequestFilter@176054b7, org.springframework.security.web.authentication.AnonymousAuthenticationFilter@4fea095b, org.springframework.security.web.session.SessionManagementFilter@682fe17b, org.springframework.security.web.access.ExceptionTranslationFilter@35c95869, org.springframework.security.web.access.intercept.FilterSecurityInterceptor@2570851e]
2021-10-31 22:22:07,931 DEBUG [main] org.springframework.web.servlet.mvc.method.annotation.RequestMappingHandlerAdapter : ControllerAdvice beans: 0 @ModelAttribute, 0 @InitBinder, 1 RequestBodyAdvice, 1 ResponseBodyAdvice
2021-10-31 22:22:08,025 DEBUG [main] org.springframework.web.servlet.mvc.method.annotation.RequestMappingHandlerMapping : 5 mappings in 'requestMappingHandlerMapping'
2021-10-31 22:22:08,057 DEBUG [main] org.springframework.web.servlet.handler.SimpleUrlHandlerMapping : Patterns [/webjars/**, /**] in 'resourceHandlerMapping'
2021-10-31 22:22:08,057 DEBUG [main] org.springframework.web.servlet.mvc.method.annotation.ExceptionHandlerExceptionResolver : ControllerAdvice beans: 0 @ExceptionHandler, 1 ResponseBodyAdvice
2021-10-31 22:22:08,186 INFO  [main] org.springframework.boot.web.embedded.tomcat.TomcatWebServer : Tomcat started on port(s): 8080 (http) with context path '/my-application'
2021-10-31 22:22:08,202 INFO  [main] com.example.finalproject.FinalProjectApplication : Started FinalProjectApplication in 5.202 seconds (JVM running for 6.758)
2021-10-31 22:22:19,551 INFO  [http-nio-8080-exec-2] org.apache.catalina.core.ContainerBase.[Tomcat].[localhost].[/my-application] : Initializing Spring DispatcherServlet 'dispatcherServlet'
2021-10-31 22:22:19,551 INFO  [http-nio-8080-exec-2] org.springframework.web.servlet.DispatcherServlet : Initializing Servlet 'dispatcherServlet'
2021-10-31 22:22:19,551 DEBUG [http-nio-8080-exec-2] org.springframework.web.servlet.DispatcherServlet : Detected StandardServletMultipartResolver
2021-10-31 22:22:19,551 DEBUG [http-nio-8080-exec-2] org.springframework.web.servlet.DispatcherServlet : Detected AcceptHeaderLocaleResolver
2021-10-31 22:22:19,551 DEBUG [http-nio-8080-exec-2] org.springframework.web.servlet.DispatcherServlet : Detected FixedThemeResolver
2021-10-31 22:22:19,551 DEBUG [http-nio-8080-exec-2] org.springframework.web.servlet.DispatcherServlet : Detected org.springframework.web.servlet.view.DefaultRequestToViewNameTranslator@62264d4f
2021-10-31 22:22:19,551 DEBUG [http-nio-8080-exec-2] org.springframework.web.servlet.DispatcherServlet : Detected org.springframework.web.servlet.support.SessionFlashMapManager@6b756a62
2021-10-31 22:22:19,551 DEBUG [http-nio-8080-exec-2] org.springframework.web.servlet.DispatcherServlet : enableLoggingRequestDetails='false': request parameters and headers will be masked to prevent unsafe logging of potentially sensitive data
2021-10-31 22:22:19,551 INFO  [http-nio-8080-exec-2] org.springframework.web.servlet.DispatcherServlet : Completed initialization in 0 ms
2021-10-31 22:22:19,574 DEBUG [http-nio-8080-exec-2] org.springframework.web.servlet.DispatcherServlet : POST "/my-application/register", parameters={}
2021-10-31 22:22:19,582 DEBUG [http-nio-8080-exec-2] org.springframework.web.servlet.mvc.method.annotation.RequestMappingHandlerMapping : Mapped to com.example.finalproject.controller.RegisterController#addUser(UserDto)
2021-10-31 22:22:19,666 DEBUG [http-nio-8080-exec-2] org.springframework.web.servlet.mvc.method.annotation.RequestResponseBodyMethodProcessor : Read "application/json;charset=UTF-8" to [com.example.finalproject.dto.UserDto@28da89cd]
2021-10-31 22:22:19,700 DEBUG [http-nio-8080-exec-2] com.example.finalproject.controller.RegisterController : Adding new user[com.example.finalproject.dto.UserDto@28da89cd]
2021-10-31 22:22:20,126 DEBUG [http-nio-8080-exec-2] org.springframework.web.servlet.mvc.method.annotation.RequestResponseBodyMethodProcessor : Using 'application/json', given [*/*] and supported [application/json, application/*+json, application/json, application/*+json]
2021-10-31 22:22:20,126 DEBUG [http-nio-8080-exec-2] org.springframework.web.servlet.mvc.method.annotation.RequestResponseBodyMethodProcessor : Writing [{callback=true}]
2021-10-31 22:22:20,142 DEBUG [http-nio-8080-exec-2] org.springframework.web.servlet.DispatcherServlet : Completed 200 OK
2021-10-31 22:25:05,084 INFO  [main] com.example.finalproject.FinalProjectApplication : Starting FinalProjectApplication using Java 11.0.11 on DESKTOP-AF116VG with PID 8368 (D:\Courses3RD\final-project-all\final-project\target\classes started by Андрей in D:\Courses3RD\final-project-all\final-project)
2021-10-31 22:25:05,084 DEBUG [main] com.example.finalproject.FinalProjectApplication : Running with Spring Boot v2.5.5, Spring v5.3.10
2021-10-31 22:25:05,084 INFO  [main] com.example.finalproject.FinalProjectApplication : No active profile set, falling back to default profiles: default
2021-10-31 22:25:05,825 INFO  [main] org.springframework.data.repository.config.RepositoryConfigurationDelegate : Bootstrapping Spring Data JPA repositories in DEFAULT mode.
2021-10-31 22:25:05,903 INFO  [main] org.springframework.data.repository.config.RepositoryConfigurationDelegate : Finished Spring Data repository scanning in 72 ms. Found 2 JPA repository interfaces.
2021-10-31 22:25:06,597 INFO  [main] org.springframework.boot.web.embedded.tomcat.TomcatWebServer : Tomcat initialized with port(s): 8080 (http)
2021-10-31 22:25:06,613 INFO  [main] org.apache.catalina.core.StandardService : Starting service [Tomcat]
2021-10-31 22:25:06,613 INFO  [main] org.apache.catalina.core.StandardEngine : Starting Servlet engine: [Apache Tomcat/9.0.53]
2021-10-31 22:25:06,791 INFO  [main] org.apache.catalina.core.ContainerBase.[Tomcat].[localhost].[/my-application] : Initializing Spring embedded WebApplicationContext
2021-10-31 22:25:06,791 INFO  [main] org.springframework.boot.web.servlet.context.ServletWebServerApplicationContext : Root WebApplicationContext: initialization completed in 1644 ms
2021-10-31 22:25:07,220 INFO  [main] com.zaxxer.hikari.HikariDataSource : HikariPool-1 - Starting...
2021-10-31 22:25:07,329 INFO  [main] com.zaxxer.hikari.HikariDataSource : HikariPool-1 - Start completed.
2021-10-31 22:25:08,324 INFO  [main] org.springframework.orm.jpa.LocalContainerEntityManagerFactoryBean : Initialized JPA EntityManagerFactory for persistence unit 'default'
2021-10-31 22:25:08,465 WARN  [main] org.springframework.boot.autoconfigure.orm.jpa.JpaBaseConfiguration$JpaWebConfiguration : spring.jpa.open-in-view is enabled by default. Therefore, database queries may be performed during view rendering. Explicitly configure spring.jpa.open-in-view to disable this warning
2021-10-31 22:25:09,088 INFO  [main] org.springframework.security.web.DefaultSecurityFilterChain : Will secure any request with [org.springframework.security.web.context.request.async.WebAsyncManagerIntegrationFilter@1ff23bd1, org.springframework.security.web.context.SecurityContextPersistenceFilter@418bdde9, org.springframework.security.web.header.HeaderWriterFilter@3fd6dfbc, org.springframework.security.web.authentication.logout.LogoutFilter@3ee200ae, org.springframework.security.web.authentication.www.BasicAuthenticationFilter@6fdd3382, org.springframework.security.web.savedrequest.RequestCacheAwareFilter@240df292, org.springframework.security.web.servletapi.SecurityContextHolderAwareRequestFilter@74c23525, org.springframework.security.web.authentication.AnonymousAuthenticationFilter@62f305bc, org.springframework.security.web.session.SessionManagementFilter@857f1a7, org.springframework.security.web.access.ExceptionTranslationFilter@38363e96, org.springframework.security.web.access.intercept.FilterSecurityInterceptor@3462e99a]
2021-10-31 22:25:09,229 DEBUG [main] org.springframework.web.servlet.mvc.method.annotation.RequestMappingHandlerAdapter : ControllerAdvice beans: 0 @ModelAttribute, 0 @InitBinder, 1 RequestBodyAdvice, 1 ResponseBodyAdvice
2021-10-31 22:25:09,275 DEBUG [main] org.springframework.web.servlet.mvc.method.annotation.RequestMappingHandlerMapping : 5 mappings in 'requestMappingHandlerMapping'
2021-10-31 22:25:09,329 DEBUG [main] org.springframework.web.servlet.handler.SimpleUrlHandlerMapping : Patterns [/webjars/**, /**] in 'resourceHandlerMapping'
2021-10-31 22:25:09,329 DEBUG [main] org.springframework.web.servlet.mvc.method.annotation.ExceptionHandlerExceptionResolver : ControllerAdvice beans: 0 @ExceptionHandler, 1 ResponseBodyAdvice
2021-10-31 22:25:09,485 INFO  [main] org.springframework.boot.web.embedded.tomcat.TomcatWebServer : Tomcat started on port(s): 8080 (http) with context path '/my-application'
2021-10-31 22:25:09,485 INFO  [main] com.example.finalproject.FinalProjectApplication : Started FinalProjectApplication in 5.409 seconds (JVM running for 6.708)
2021-10-31 22:25:15,942 INFO  [http-nio-8080-exec-1] org.apache.catalina.core.ContainerBase.[Tomcat].[localhost].[/my-application] : Initializing Spring DispatcherServlet 'dispatcherServlet'
2021-10-31 22:25:15,942 INFO  [http-nio-8080-exec-1] org.springframework.web.servlet.DispatcherServlet : Initializing Servlet 'dispatcherServlet'
2021-10-31 22:25:15,942 DEBUG [http-nio-8080-exec-1] org.springframework.web.servlet.DispatcherServlet : Detected StandardServletMultipartResolver
2021-10-31 22:25:15,942 DEBUG [http-nio-8080-exec-1] org.springframework.web.servlet.DispatcherServlet : Detected AcceptHeaderLocaleResolver
2021-10-31 22:25:15,942 DEBUG [http-nio-8080-exec-1] org.springframework.web.servlet.DispatcherServlet : Detected FixedThemeResolver
2021-10-31 22:25:15,942 DEBUG [http-nio-8080-exec-1] org.springframework.web.servlet.DispatcherServlet : Detected org.springframework.web.servlet.view.DefaultRequestToViewNameTranslator@3085befb
2021-10-31 22:25:15,942 DEBUG [http-nio-8080-exec-1] org.springframework.web.servlet.DispatcherServlet : Detected org.springframework.web.servlet.support.SessionFlashMapManager@6d4f266
2021-10-31 22:25:15,942 DEBUG [http-nio-8080-exec-1] org.springframework.web.servlet.DispatcherServlet : enableLoggingRequestDetails='false': request parameters and headers will be masked to prevent unsafe logging of potentially sensitive data
2021-10-31 22:25:15,942 INFO  [http-nio-8080-exec-1] org.springframework.web.servlet.DispatcherServlet : Completed initialization in 0 ms
2021-10-31 22:25:15,958 DEBUG [http-nio-8080-exec-1] org.springframework.web.servlet.DispatcherServlet : POST "/my-application/register", parameters={}
2021-10-31 22:25:15,966 DEBUG [http-nio-8080-exec-1] org.springframework.web.servlet.mvc.method.annotation.RequestMappingHandlerMapping : Mapped to com.example.finalproject.controller.RegisterController#addUser(UserDto)
2021-10-31 22:25:16,062 DEBUG [http-nio-8080-exec-1] org.springframework.web.servlet.mvc.method.annotation.RequestResponseBodyMethodProcessor : Read "application/json;charset=UTF-8" to [com.example.finalproject.dto.UserDto@5271c51c]
2021-10-31 22:25:16,102 DEBUG [http-nio-8080-exec-1] com.example.finalproject.controller.RegisterController : Adding new user[com.example.finalproject.dto.UserDto@5271c51c]
2021-10-31 22:25:16,548 DEBUG [http-nio-8080-exec-1] org.springframework.web.servlet.mvc.method.annotation.RequestResponseBodyMethodProcessor : Using 'application/json', given [*/*] and supported [application/json, application/*+json, application/json, application/*+json]
2021-10-31 22:25:16,548 DEBUG [http-nio-8080-exec-1] org.springframework.web.servlet.mvc.method.annotation.RequestResponseBodyMethodProcessor : Writing [{callback=true}]
2021-10-31 22:25:16,564 DEBUG [http-nio-8080-exec-1] org.springframework.web.servlet.DispatcherServlet : Completed 200 OK
